{"level":"info","message":"Server initialized successfully in development mode","service":"hotelix-api","timestamp":"2025-08-13 13:57:07"}
{"ip":"::1","level":"info","message":"GET /","params":{},"query":{},"service":"hotelix-api","timestamp":"2025-08-13 13:59:13"}
{"ip":"::1","level":"info","message":"GET /signup","params":{},"query":{},"service":"hotelix-api","timestamp":"2025-08-13 13:59:20"}
{"ip":"::1","level":"info","message":"GET /auth/signup","params":{},"query":{},"service":"hotelix-api","timestamp":"2025-08-13 13:59:44"}
{"ip":"::1","level":"info","message":"GET /auth/signup","params":{},"query":{},"service":"hotelix-api","timestamp":"2025-08-13 13:59:46"}
{"ip":"::1","level":"info","message":"GET /auth/signup","params":{},"query":{},"service":"hotelix-api","timestamp":"2025-08-13 16:12:26"}
{"ip":"::1","level":"info","message":"POST /auth/signup","params":{},"query":{},"service":"hotelix-api","timestamp":"2025-08-13 16:13:40"}
{"level":"info","message":"Processing signup request","service":"hotelix-api","timestamp":"2025-08-13 16:13:40"}
{"level":"info","message":"User created successfully","service":"hotelix-api","timestamp":"2025-08-13 16:13:40"}
{"ip":"::1","level":"info","message":"GET /auth/signup","params":{},"query":{},"service":"hotelix-api","timestamp":"2025-08-13 16:13:52"}
{"ip":"::1","level":"info","message":"GET /auth/signup","params":{},"query":{},"service":"hotelix-api","timestamp":"2025-08-13 16:13:53"}
{"ip":"::1","level":"info","message":"GET /auth/signup","params":{},"query":{},"service":"hotelix-api","timestamp":"2025-08-13 16:13:53"}
{"ip":"::1","level":"info","message":"GET /auth/users","params":{},"query":{},"service":"hotelix-api","timestamp":"2025-08-13 16:14:38"}
{"level":"info","message":"Signup rejected: User already exists","service":"hotelix-api","timestamp":"2025-08-13 16:14:38"}
{"level":"info","message":"Processing signup request","service":"hotelix-api","timestamp":"2025-08-13 16:14:38"}
{"level":"info","message":"User created successfully","service":"hotelix-api","timestamp":"2025-08-13 16:14:38"}
{"ip":"::1","level":"info","message":"GET /favicon.ico","params":{},"query":{},"service":"hotelix-api","timestamp":"2025-08-13 16:14:38"}
{"level":"info","message":"Server initialized successfully in development mode","service":"hotelix-api","timestamp":"2025-08-14 12:29:42"}
{"ip":"::1","level":"info","message":"GET /auth/users","params":{},"query":{},"service":"hotelix-api","timestamp":"2025-08-14 12:30:24"}
{"level":"info","message":"Signup rejected: User already exists","service":"hotelix-api","timestamp":"2025-08-14 12:30:24"}
{"level":"info","message":"Processing signup request","service":"hotelix-api","timestamp":"2025-08-14 12:30:24"}
{"level":"info","message":"User created successfully","service":"hotelix-api","timestamp":"2025-08-14 12:30:24"}
{"ip":"::1","level":"info","message":"POST /test/create","params":{},"query":{},"service":"hotelix-api","timestamp":"2025-08-14 12:31:19"}
{"level":"info","message":"Server initialized successfully in development mode","service":"hotelix-api","timestamp":"2025-08-14 12:32:42"}
{"ip":"::1","level":"info","message":"POST /test/create","params":{},"query":{},"service":"hotelix-api","timestamp":"2025-08-14 12:32:48"}
{"ip":"::1","level":"info","message":"POST /test/create","params":{},"query":{},"service":"hotelix-api","timestamp":"2025-08-14 12:33:19"}
{"level":"info","message":"Server initialized successfully in development mode","service":"hotelix-api","timestamp":"2025-08-14 12:34:50"}
{"ip":"::1","level":"info","message":"POST /test/create","params":{},"query":{},"service":"hotelix-api","timestamp":"2025-08-14 12:34:54"}
{"level":"info","message":"Processing signup request","service":"hotelix-api","timestamp":"2025-08-14 12:34:54"}
{"level":"info","message":"Processing signup request","service":"hotelix-api","timestamp":"2025-08-14 12:34:54"}
{"level":"info","message":"User created successfully","service":"hotelix-api","timestamp":"2025-08-14 12:34:54"}
{"ip":"::1","level":"info","message":"GET /test/create","params":{},"query":{},"service":"hotelix-api","timestamp":"2025-08-14 12:35:02"}
{"ip":"::1","level":"info","message":"GET /test/create","params":{},"query":{},"service":"hotelix-api","timestamp":"2025-08-14 12:35:06"}
{"ip":"::1","level":"info","message":"GET /test/all","params":{},"query":{},"service":"hotelix-api","timestamp":"2025-08-14 12:35:14"}
{"level":"info","message":"Processing signup request","service":"hotelix-api","timestamp":"2025-08-14 12:35:14"}
{"level":"info","message":"Processing signup request","service":"hotelix-api","timestamp":"2025-08-14 12:35:14"}
{"level":"info","message":"User created successfully","service":"hotelix-api","timestamp":"2025-08-14 12:35:14"}
{"ip":"::1","level":"info","message":"GET /favicon.ico","params":{},"query":{},"service":"hotelix-api","timestamp":"2025-08-14 12:35:14"}
{"level":"info","message":"Server initialized successfully in development mode","service":"hotelix-api","timestamp":"2025-08-14 12:56:35"}
{"ip":"::1","level":"info","message":"GET /test/all","params":{},"query":{},"service":"hotelix-api","timestamp":"2025-08-14 12:56:39"}
{"level":"info","message":"Processing signup request","service":"hotelix-api","timestamp":"2025-08-14 12:56:39"}
{"level":"info","message":"Processing signup request","service":"hotelix-api","timestamp":"2025-08-14 12:56:39"}
{"level":"info","message":"User created successfully","service":"hotelix-api","timestamp":"2025-08-14 12:56:39"}
{"ip":"::1","level":"info","message":"GET /test/all","params":{},"query":{},"service":"hotelix-api","timestamp":"2025-08-14 12:56:40"}
{"level":"info","message":"Processing signup request","service":"hotelix-api","timestamp":"2025-08-14 12:56:40"}
{"level":"info","message":"Processing signup request","service":"hotelix-api","timestamp":"2025-08-14 12:56:40"}
{"level":"info","message":"User created successfully","service":"hotelix-api","timestamp":"2025-08-14 12:56:40"}
{"ip":"::1","level":"info","message":"GET /test/all","params":{},"query":{},"service":"hotelix-api","timestamp":"2025-08-14 12:56:41"}
{"level":"info","message":"Processing signup request","service":"hotelix-api","timestamp":"2025-08-14 12:56:41"}
{"level":"info","message":"Processing signup request","service":"hotelix-api","timestamp":"2025-08-14 12:56:41"}
{"level":"info","message":"User created successfully","service":"hotelix-api","timestamp":"2025-08-14 12:56:41"}
{"ip":"::1","level":"info","message":"GET /test/all","params":{},"query":{},"service":"hotelix-api","timestamp":"2025-08-14 12:56:41"}
{"level":"info","message":"Processing signup request","service":"hotelix-api","timestamp":"2025-08-14 12:56:41"}
{"level":"info","message":"Processing signup request","service":"hotelix-api","timestamp":"2025-08-14 12:56:41"}
{"level":"info","message":"User created successfully","service":"hotelix-api","timestamp":"2025-08-14 12:56:41"}
{"ip":"::1","level":"info","message":"GET /test/all","params":{},"query":{},"service":"hotelix-api","timestamp":"2025-08-14 12:56:41"}
{"level":"info","message":"Processing signup request","service":"hotelix-api","timestamp":"2025-08-14 12:56:41"}
{"level":"info","message":"Processing signup request","service":"hotelix-api","timestamp":"2025-08-14 12:56:41"}
{"level":"info","message":"User created successfully","service":"hotelix-api","timestamp":"2025-08-14 12:56:41"}
{"ip":"::1","level":"info","message":"GET /test/all","params":{},"query":{},"service":"hotelix-api","timestamp":"2025-08-14 12:56:42"}
{"level":"info","message":"Processing signup request","service":"hotelix-api","timestamp":"2025-08-14 12:56:42"}
{"level":"info","message":"Processing signup request","service":"hotelix-api","timestamp":"2025-08-14 12:56:42"}
{"level":"info","message":"User created successfully","service":"hotelix-api","timestamp":"2025-08-14 12:56:42"}
{"ip":"::1","level":"info","message":"GET /test/all","params":{},"query":{},"service":"hotelix-api","timestamp":"2025-08-14 12:56:42"}
{"level":"info","message":"Processing signup request","service":"hotelix-api","timestamp":"2025-08-14 12:56:42"}
{"level":"info","message":"Processing signup request","service":"hotelix-api","timestamp":"2025-08-14 12:56:42"}
{"level":"info","message":"User created successfully","service":"hotelix-api","timestamp":"2025-08-14 12:56:42"}
{"ip":"::1","level":"info","message":"GET /test/all","params":{},"query":{},"service":"hotelix-api","timestamp":"2025-08-14 12:56:42"}
{"level":"info","message":"Processing signup request","service":"hotelix-api","timestamp":"2025-08-14 12:56:42"}
{"level":"info","message":"Processing signup request","service":"hotelix-api","timestamp":"2025-08-14 12:56:42"}
{"level":"info","message":"User created successfully","service":"hotelix-api","timestamp":"2025-08-14 12:56:42"}
{"ip":"::1","level":"info","message":"GET /test/all","params":{},"query":{},"service":"hotelix-api","timestamp":"2025-08-14 12:56:42"}
{"level":"info","message":"Processing signup request","service":"hotelix-api","timestamp":"2025-08-14 12:56:42"}
{"level":"info","message":"Processing signup request","service":"hotelix-api","timestamp":"2025-08-14 12:56:42"}
{"level":"info","message":"User created successfully","service":"hotelix-api","timestamp":"2025-08-14 12:56:42"}
{"ip":"::1","level":"info","message":"GET /test/all","params":{},"query":{},"service":"hotelix-api","timestamp":"2025-08-14 12:56:42"}
{"level":"info","message":"Processing signup request","service":"hotelix-api","timestamp":"2025-08-14 12:56:42"}
{"level":"info","message":"Processing signup request","service":"hotelix-api","timestamp":"2025-08-14 12:56:42"}
{"level":"info","message":"User created successfully","service":"hotelix-api","timestamp":"2025-08-14 12:56:42"}
{"ip":"::1","level":"info","message":"GET /test/all","params":{},"query":{},"service":"hotelix-api","timestamp":"2025-08-14 12:56:43"}
{"level":"info","message":"Processing signup request","service":"hotelix-api","timestamp":"2025-08-14 12:56:43"}
{"level":"info","message":"Processing signup request","service":"hotelix-api","timestamp":"2025-08-14 12:56:43"}
{"level":"info","message":"User created successfully","service":"hotelix-api","timestamp":"2025-08-14 12:56:43"}
{"ip":"::1","level":"info","message":"GET /test/all","params":{},"query":{},"service":"hotelix-api","timestamp":"2025-08-14 12:56:43"}
{"level":"info","message":"Processing signup request","service":"hotelix-api","timestamp":"2025-08-14 12:56:43"}
{"level":"info","message":"Processing signup request","service":"hotelix-api","timestamp":"2025-08-14 12:56:43"}
{"level":"info","message":"User created successfully","service":"hotelix-api","timestamp":"2025-08-14 12:56:43"}
{"level":"info","message":"Server initialized successfully in development mode","service":"hotelix-api","timestamp":"2025-08-14 12:57:03"}
{"ip":"::1","level":"info","message":"GET /test/all","params":{},"query":{},"service":"hotelix-api","timestamp":"2025-08-14 12:57:06"}
{"ip":"::1","level":"info","message":"GET /test/all","params":{},"query":{},"service":"hotelix-api","timestamp":"2025-08-14 12:57:07"}
{"ip":"::1","level":"info","message":"GET /test/all/cme9ueg1m0000i8ao0ru3336w","params":{},"query":{},"service":"hotelix-api","timestamp":"2025-08-14 12:57:18"}
{"level":"info","message":"Processing signup request","service":"hotelix-api","timestamp":"2025-08-14 12:57:18"}
{"level":"info","message":"Processing signup request","service":"hotelix-api","timestamp":"2025-08-14 12:57:18"}
{"level":"info","message":"User created successfully","service":"hotelix-api","timestamp":"2025-08-14 12:57:18"}
{"level":"info","message":"Server initialized successfully in development mode","service":"hotelix-api","timestamp":"2025-08-14 13:27:28"}
{"ip":"::1","level":"info","message":"GET /test/all/cme9ueg1m0000i8ao0ru3336w","params":{},"query":{},"service":"hotelix-api","timestamp":"2025-08-14 13:27:32"}
{"level":"info","message":"Fetching tests","service":"hotelix-api","timestamp":"2025-08-14 13:27:32"}
{"level":"info","message":"Fetching tests","service":"hotelix-api","timestamp":"2025-08-14 13:27:32"}
{"level":"info","message":"Tests fetched successfully","service":"hotelix-api","timestamp":"2025-08-14 13:27:32"}
{"ip":"::1","level":"info","message":"GET /auth/users","params":{},"query":{},"service":"hotelix-api","timestamp":"2025-08-14 13:27:44"}
{"level":"info","message":"Fetching users","service":"hotelix-api","timestamp":"2025-08-14 13:27:44"}
{"level":"info","message":"Fetching users","service":"hotelix-api","timestamp":"2025-08-14 13:27:44"}
{"level":"info","message":"Users fetched successfully","service":"hotelix-api","timestamp":"2025-08-14 13:27:44"}
{"ip":"::1","level":"info","message":"GET /auth/users","params":{},"query":{},"service":"hotelix-api","timestamp":"2025-08-14 13:27:51"}
{"level":"info","message":"Fetching users","service":"hotelix-api","timestamp":"2025-08-14 13:27:51"}
{"level":"info","message":"Fetching users","service":"hotelix-api","timestamp":"2025-08-14 13:27:51"}
{"level":"info","message":"Users fetched successfully","service":"hotelix-api","timestamp":"2025-08-14 13:27:51"}
{"ip":"::1","level":"info","message":"POST /room/create","params":{},"query":{},"service":"hotelix-api","timestamp":"2025-08-14 13:29:33"}
{"level":"info","message":"Processing create room request","service":"hotelix-api","timestamp":"2025-08-14 13:29:33"}
{"level":"info","message":"Processing create room request","service":"hotelix-api","timestamp":"2025-08-14 13:29:33"}
{"level":"info","message":"Room created successfully","service":"hotelix-api","timestamp":"2025-08-14 13:29:33"}
{"ip":"::1","level":"info","message":"POST /room/create","params":{},"query":{},"service":"hotelix-api","timestamp":"2025-08-14 13:30:11"}
{"level":"info","message":"Processing create room request","service":"hotelix-api","timestamp":"2025-08-14 13:30:11"}
{"level":"info","message":"Processing create room request","service":"hotelix-api","timestamp":"2025-08-14 13:30:11"}
{"level":"info","message":"Room created successfully","service":"hotelix-api","timestamp":"2025-08-14 13:30:11"}
{"ip":"::1","level":"info","message":"POST /room/create","params":{},"query":{},"service":"hotelix-api","timestamp":"2025-08-14 13:30:20"}
{"level":"info","message":"Processing create room request","service":"hotelix-api","timestamp":"2025-08-14 13:30:20"}
{"level":"info","message":"Processing create room request","service":"hotelix-api","timestamp":"2025-08-14 13:30:20"}
{"level":"info","message":"Room created successfully","service":"hotelix-api","timestamp":"2025-08-14 13:30:20"}
{"ip":"::1","level":"info","message":"POST /room/create","params":{},"query":{},"service":"hotelix-api","timestamp":"2025-08-14 13:30:28"}
{"level":"info","message":"Processing create room request","service":"hotelix-api","timestamp":"2025-08-14 13:30:28"}
{"level":"info","message":"Processing create room request","service":"hotelix-api","timestamp":"2025-08-14 13:30:28"}
{"level":"info","message":"Room created successfully","service":"hotelix-api","timestamp":"2025-08-14 13:30:28"}
{"ip":"::1","level":"info","message":"POST /room/create","params":{},"query":{},"service":"hotelix-api","timestamp":"2025-08-14 13:30:38"}
{"level":"info","message":"Processing create room request","service":"hotelix-api","timestamp":"2025-08-14 13:30:38"}
{"level":"info","message":"Processing create room request","service":"hotelix-api","timestamp":"2025-08-14 13:30:38"}
{"level":"info","message":"Room created successfully","service":"hotelix-api","timestamp":"2025-08-14 13:30:38"}
{"ip":"::1","level":"info","message":"GET /room/all/cme9ueg1m0000i8ao0ru3336w","params":{},"query":{},"service":"hotelix-api","timestamp":"2025-08-14 13:31:27"}
{"level":"info","message":"Fetching rooms","service":"hotelix-api","timestamp":"2025-08-14 13:31:27"}
{"level":"info","message":"Fetching rooms","service":"hotelix-api","timestamp":"2025-08-14 13:31:27"}
{"level":"info","message":"Rooms fetched successfully","service":"hotelix-api","timestamp":"2025-08-14 13:31:27"}
{"ip":"::1","level":"info","message":"GET /room/all/cme9ueg1m0000i8ao0ru3336w","params":{},"query":{},"service":"hotelix-api","timestamp":"2025-08-14 13:31:49"}
{"level":"info","message":"Fetching rooms","service":"hotelix-api","timestamp":"2025-08-14 13:31:49"}
{"level":"info","message":"Fetching rooms","service":"hotelix-api","timestamp":"2025-08-14 13:31:49"}
{"level":"info","message":"Rooms fetched successfully","service":"hotelix-api","timestamp":"2025-08-14 13:31:49"}
{"ip":"::1","level":"info","message":"GET /room/code/RM-103","params":{},"query":{},"service":"hotelix-api","timestamp":"2025-08-14 13:32:06"}
{"level":"info","message":"Fetching room by code","service":"hotelix-api","timestamp":"2025-08-14 13:32:06"}
{"level":"info","message":"Fetching room by code","service":"hotelix-api","timestamp":"2025-08-14 13:32:06"}
{"level":"info","message":"Room fetched successfully by code","service":"hotelix-api","timestamp":"2025-08-14 13:32:06"}
